Build started 07/03/2016 23:16:07.
     1>Project "D:\Helbreath\Client\jpeg\jpeg.vcxproj" on node 2 (build target(s)).
     1>InitializeBuildStatus:
         Creating ".\Debug\jpeg.unsuccessfulbuild" because "AlwaysCreate" was specified.
       ClCompile:
         d:\Microsoft Visual Studio 10.0\VC\bin\CL.exe /c /ZI /nologo /W3 /WX- /Od /Oy- /D WIN32 /D _DEBUG /D _WINDOWS /D _VC80_UPGRADE=0x0600 /D _AFXDLL /Gm- /EHsc /MDd /GS /Gy- /fp:precise /Zc:wchar_t /Zc:forScope /Fo".\Debug\\" /Fd".\Debug\vc100.pdb" /Gd /TC /analyze- /errorReport:prompt Jcapimin.c Jcapistd.c Jccoefct.c Jccolor.c Jcdctmgr.c Jchuff.c Jcinit.c Jcmainct.c Jcmarker.c Jcmaster.c Jcomapi.c Jcparam.c Jcphuff.c Jcprepct.c Jcsample.c Jctrans.c Jdapimin.c Jdapistd.c Jdatadst.c Jdatasrc.c Jdcoefct.c Jdcolor.c Jddctmgr.c Jdhuff.c Jdinput.c Jdmainct.c Jdmarker.c Jdmaster.c Jdmerge.c Jdphuff.c Jdpostct.c Jdsample.c Jdtrans.c Jerror.c Jfdctflt.c Jfdctfst.c Jfdctint.c Jidctflt.c Jidctfst.c Jidctint.c Jidctred.c Jmemmgr.c Jmemnobs.c Jquant1.c Jquant2.c Jutils.c
         Jcapimin.c
         Jcapistd.c
         Jccoefct.c
         Jccolor.c
         Jcdctmgr.c
         Jchuff.c
         Jcinit.c
         Jcmainct.c
         Jcmarker.c
         Jcmaster.c
         Jcomapi.c
         Jcparam.c
         Jcphuff.c
         Jcprepct.c
         Jcsample.c
         Jctrans.c
         Jdapimin.c
         Jdapistd.c
         Jdatadst.c
         Jdatasrc.c
         Generating Code...
         Compiling...
         Jdcoefct.c
         Jdcolor.c
         Jddctmgr.c
         Jdhuff.c
         Jdinput.c
         Jdmainct.c
         Jdmarker.c
         Jdmaster.c
         Jdmerge.c
         Jdphuff.c
         Jdpostct.c
         Jdsample.c
         Jdtrans.c
         Jerror.c
     1>d:\helbreath\client\jpeg\jerror.c(193): warning C4996: 'sprintf': This function or variable may be unsafe. Consider using sprintf_s instead. To disable deprecation, use _CRT_SECURE_NO_WARNINGS. See online help for details.
                 d:\microsoft visual studio 10.0\vc\include\stdio.h(371) : see declaration of 'sprintf'
     1>d:\helbreath\client\jpeg\jerror.c(199): warning C4996: 'sprintf': This function or variable may be unsafe. Consider using sprintf_s instead. To disable deprecation, use _CRT_SECURE_NO_WARNINGS. See online help for details.
                 d:\microsoft visual studio 10.0\vc\include\stdio.h(371) : see declaration of 'sprintf'
         Jfdctflt.c
         Jfdctfst.c
         Jfdctint.c
         Jidctflt.c
         Jidctfst.c
         Jidctint.c
         Generating Code...
         Compiling...
         Jidctred.c
         Jmemmgr.c
     1>d:\helbreath\client\jpeg\jmemmgr.c(1106): warning C4996: 'getenv': This function or variable may be unsafe. Consider using _dupenv_s instead. To disable deprecation, use _CRT_SECURE_NO_WARNINGS. See online help for details.
                 d:\microsoft visual studio 10.0\vc\include\stdlib.h(433) : see declaration of 'getenv'
     1>d:\helbreath\client\jpeg\jmemmgr.c(1109): warning C4996: 'sscanf': This function or variable may be unsafe. Consider using sscanf_s instead. To disable deprecation, use _CRT_SECURE_NO_WARNINGS. See online help for details.
                 d:\microsoft visual studio 10.0\vc\include\stdio.h(325) : see declaration of 'sscanf'
         Jmemnobs.c
         Jquant1.c
         Jquant2.c
         Jutils.c
         Generating Code...
       Lib:
         d:\Microsoft Visual Studio 10.0\VC\bin\Lib.exe /OUT:".\Debug\jpeg.lib" /NOLOGO .\Debug\Jcapimin.obj
         .\Debug\Jcapistd.obj
         .\Debug\Jccoefct.obj
         .\Debug\Jccolor.obj
         .\Debug\Jcdctmgr.obj
         .\Debug\Jchuff.obj
         .\Debug\Jcinit.obj
         .\Debug\Jcmainct.obj
         .\Debug\Jcmarker.obj
         .\Debug\Jcmaster.obj
         .\Debug\Jcomapi.obj
         .\Debug\Jcparam.obj
         .\Debug\Jcphuff.obj
         .\Debug\Jcprepct.obj
         .\Debug\Jcsample.obj
         .\Debug\Jctrans.obj
         .\Debug\Jdapimin.obj
         .\Debug\Jdapistd.obj
         .\Debug\Jdatadst.obj
         .\Debug\Jdatasrc.obj
         .\Debug\Jdcoefct.obj
         .\Debug\Jdcolor.obj
         .\Debug\Jddctmgr.obj
         .\Debug\Jdhuff.obj
         .\Debug\Jdinput.obj
         .\Debug\Jdmainct.obj
         .\Debug\Jdmarker.obj
         .\Debug\Jdmaster.obj
         .\Debug\Jdmerge.obj
         .\Debug\Jdphuff.obj
         .\Debug\Jdpostct.obj
         .\Debug\Jdsample.obj
         .\Debug\Jdtrans.obj
         .\Debug\Jerror.obj
         .\Debug\Jfdctflt.obj
         .\Debug\Jfdctfst.obj
         .\Debug\Jfdctint.obj
         .\Debug\Jidctflt.obj
         .\Debug\Jidctfst.obj
         .\Debug\Jidctint.obj
         .\Debug\Jidctred.obj
         .\Debug\Jmemmgr.obj
         .\Debug\Jmemnobs.obj
         .\Debug\Jquant1.obj
         .\Debug\Jquant2.obj
         .\Debug\Jutils.obj
         jpeg.vcxproj -> D:\Helbreath\Client\jpeg\.\Debug\jpeg.lib
       FinalizeBuildStatus:
         Deleting file ".\Debug\jpeg.unsuccessfulbuild".
         Touching ".\Debug\jpeg.lastbuildstate".
     1>Done Building Project "D:\Helbreath\Client\jpeg\jpeg.vcxproj" (build target(s)).

Build succeeded.

Time Elapsed 00:00:04.62
